This is pdfTeX, Version 3.14159265-2.6-1.40.20 (TeX Live 2019/W32TeX) (preloaded format=pdflatex 2019.9.17)  4 SEP 2020 11:01
entering extended mode
 restricted \write18 enabled.
 file:line:error style messages enabled.
 %&-line parsing enabled.
**c:/work/lv/lv-folien/lv-adbkt/folien-adbkt-js/folien-adbkt-js.tex
(c:/work/lv/lv-folien/lv-adbkt/folien-adbkt-js/folien-adbkt-js.tex
LaTeX2e <2018-12-01>
(c:/work/app/texlive/2019/texmf-dist/tex/latex/beamer/beamer.cls
Document Class: beamer 2019/07/23 v3.56 A class for typesetting presentations
(c:/work/app/texlive/2019/texmf-dist/tex/latex/beamer/beamerbasemodes.sty (c:/work/app/texlive/2019/texmf-dist/tex/latex/etoolbox/etoolbox.sty
Package: etoolbox 2019/09/09 v2.5g e-TeX tools for LaTeX (JAW)
\etb@tempcnta=\count80
)
\beamer@tempbox=\box27
\beamer@tempcount=\count81
\c@beamerpauses=\count82
 (c:/work/app/texlive/2019/texmf-dist/tex/latex/beamer/beamerbasedecode.sty
\beamer@slideinframe=\count83
\beamer@minimum=\count84
\beamer@decode@box=\box28
)
\beamer@commentbox=\box29
\beamer@modecount=\count85
) (c:/work/app/texlive/2019/texmf-dist/tex/generic/oberdiek/ifpdf.sty
Package: ifpdf 2018/09/07 v3.3 Provides the ifpdf switch
)
\headdp=\dimen102
\footheight=\dimen103
\sidebarheight=\dimen104
\beamer@tempdim=\dimen105
\beamer@finalheight=\dimen106
\beamer@animht=\dimen107
\beamer@animdp=\dimen108
\beamer@animwd=\dimen109
\beamer@leftmargin=\dimen110
\beamer@rightmargin=\dimen111
\beamer@leftsidebar=\dimen112
\beamer@rightsidebar=\dimen113
\beamer@boxsize=\dimen114
\beamer@vboxoffset=\dimen115
\beamer@descdefault=\dimen116
\beamer@descriptionwidth=\dimen117
\beamer@lastskip=\skip41
\beamer@areabox=\box30
\beamer@animcurrent=\box31
\beamer@animshowbox=\box32
\beamer@sectionbox=\box33
\beamer@logobox=\box34
\beamer@linebox=\box35
\beamer@sectioncount=\count86
\beamer@subsubsectionmax=\count87
\beamer@subsectionmax=\count88
\beamer@sectionmax=\count89
\beamer@totalheads=\count90
\beamer@headcounter=\count91
\beamer@partstartpage=\count92
\beamer@sectionstartpage=\count93
\beamer@subsectionstartpage=\count94
\beamer@animationtempa=\count95
\beamer@animationtempb=\count96
\beamer@xpos=\count97
\beamer@ypos=\count98
\beamer@ypos@offset=\count99
\beamer@showpartnumber=\count100
\beamer@currentsubsection=\count101
\beamer@coveringdepth=\count102
\beamer@sectionadjust=\count103
\beamer@tocsectionnumber=\count104
 (c:/work/app/texlive/2019/texmf-dist/tex/latex/beamer/beamerbaseoptions.sty (c:/work/app/texlive/2019/texmf-dist/tex/latex/graphics/keyval.sty
Package: keyval 2014/10/28 v1.15 key=value parser (DPC)
\KV@toks@=\toks14
))
\beamer@paperwidth=\skip42
\beamer@paperheight=\skip43
 (c:/work/app/texlive/2019/texmf-dist/tex/latex/geometry/geometry.sty
Package: geometry 2018/04/16 v5.8 Page Geometry
 (c:/work/app/texlive/2019/texmf-dist/tex/generic/oberdiek/ifvtex.sty
Package: ifvtex 2016/05/16 v1.6 Detect VTeX and its facilities (HO)
Package ifvtex Info: VTeX not detected.
) (c:/work/app/texlive/2019/texmf-dist/tex/generic/ifxetex/ifxetex.sty
Package: ifxetex 2010/09/12 v0.6 Provides ifxetex conditional
)
\Gm@cnth=\count105
\Gm@cntv=\count106
\c@Gm@tempcnt=\count107
\Gm@bindingoffset=\dimen118
\Gm@wd@mp=\dimen119
\Gm@odd@mp=\dimen120
\Gm@even@mp=\dimen121
\Gm@layoutwidth=\dimen122
\Gm@layoutheight=\dimen123
\Gm@layouthoffset=\dimen124
\Gm@layoutvoffset=\dimen125
\Gm@dimlist=\toks15
) (c:/work/app/texlive/2019/texmf-dist/tex/latex/base/size11.clo
File: size11.clo 2018/09/03 v1.4i Standard LaTeX file (size option)
) (c:/work/app/texlive/2019/texmf-dist/tex/latex/pgf/basiclayer/pgfcore.sty (c:/work/app/texlive/2019/texmf-dist/tex/latex/graphics/graphicx.sty
Package: graphicx 2017/06/01 v1.1a Enhanced LaTeX Graphics (DPC,SPQR)
 (c:/work/app/texlive/2019/texmf-dist/tex/latex/graphics/graphics.sty
Package: graphics 2017/06/25 v1.2c Standard LaTeX Graphics (DPC,SPQR)
 (c:/work/app/texlive/2019/texmf-dist/tex/latex/graphics/trig.sty
Package: trig 2016/01/03 v1.10 sin cos tan (DPC)
) (c:/work/app/texlive/2019/texmf-dist/tex/latex/graphics-cfg/graphics.cfg
File: graphics.cfg 2016/06/04 v1.11 sample graphics configuration
)
Package graphics Info: Driver file: pdftex.def on input line 99.
 (c:/work/app/texlive/2019/texmf-dist/tex/latex/graphics-def/pdftex.def
File: pdftex.def 2018/01/08 v1.0l Graphics/color driver for pdftex
))
\Gin@req@height=\dimen126
\Gin@req@width=\dimen127
) (c:/work/app/texlive/2019/texmf-dist/tex/latex/pgf/systemlayer/pgfsys.sty (c:/work/app/texlive/2019/texmf-dist/tex/latex/pgf/utilities/pgfrcs.sty (c:/work/app/texlive/2019/texmf-dist/tex/generic/pgf/utilities/pgfutil-common.tex
\pgfutil@everybye=\toks16
\pgfutil@tempdima=\dimen128
\pgfutil@tempdimb=\dimen129
 (c:/work/app/texlive/2019/texmf-dist/tex/generic/pgf/utilities/pgfutil-common-lists.tex)) (c:/work/app/texlive/2019/texmf-dist/tex/generic/pgf/utilities/pgfutil-latex.def
\pgfutil@abb=\box36
 (c:/work/app/texlive/2019/texmf-dist/tex/latex/ms/everyshi.sty
Package: everyshi 2001/05/15 v3.00 EveryShipout Package (MS)
)) (c:/work/app/texlive/2019/texmf-dist/tex/generic/pgf/utilities/pgfrcs.code.tex (c:/work/app/texlive/2019/texmf-dist/tex/generic/pgf/pgf.revision.tex)
Package: pgfrcs 2019/08/03 v3.1.4b (3.1.4b)
)) (c:/work/app/texlive/2019/texmf-dist/tex/generic/pgf/systemlayer/pgfsys.code.tex
Package: pgfsys 2019/08/03 v3.1.4b (3.1.4b)
 (c:/work/app/texlive/2019/texmf-dist/tex/generic/pgf/utilities/pgfkeys.code.tex
\pgfkeys@pathtoks=\toks17
\pgfkeys@temptoks=\toks18
 (c:/work/app/texlive/2019/texmf-dist/tex/generic/pgf/utilities/pgfkeysfiltered.code.tex
\pgfkeys@tmptoks=\toks19
))
\pgf@x=\dimen130
\pgf@y=\dimen131
\pgf@xa=\dimen132
\pgf@ya=\dimen133
\pgf@xb=\dimen134
\pgf@yb=\dimen135
\pgf@xc=\dimen136
\pgf@yc=\dimen137
\pgf@xd=\dimen138
\pgf@yd=\dimen139
\w@pgf@writea=\write3
\r@pgf@reada=\read1
\c@pgf@counta=\count108
\c@pgf@countb=\count109
\c@pgf@countc=\count110
\c@pgf@countd=\count111
\t@pgf@toka=\toks20
\t@pgf@tokb=\toks21
\t@pgf@tokc=\toks22
\pgf@sys@id@count=\count112
 (c:/work/app/texlive/2019/texmf-dist/tex/generic/pgf/systemlayer/pgf.cfg
File: pgf.cfg 2019/08/03 v3.1.4b (3.1.4b)
)
Driver file for pgf: pgfsys-pdftex.def
 (c:/work/app/texlive/2019/texmf-dist/tex/generic/pgf/systemlayer/pgfsys-pdftex.def
File: pgfsys-pdftex.def 2019/08/03 v3.1.4b (3.1.4b)
 (c:/work/app/texlive/2019/texmf-dist/tex/generic/pgf/systemlayer/pgfsys-common-pdf.def
File: pgfsys-common-pdf.def 2019/08/03 v3.1.4b (3.1.4b)
))) (c:/work/app/texlive/2019/texmf-dist/tex/generic/pgf/systemlayer/pgfsyssoftpath.code.tex
File: pgfsyssoftpath.code.tex 2019/08/03 v3.1.4b (3.1.4b)
\pgfsyssoftpath@smallbuffer@items=\count113
\pgfsyssoftpath@bigbuffer@items=\count114
) (c:/work/app/texlive/2019/texmf-dist/tex/generic/pgf/systemlayer/pgfsysprotocol.code.tex
File: pgfsysprotocol.code.tex 2019/08/03 v3.1.4b (3.1.4b)
)) (c:/work/app/texlive/2019/texmf-dist/tex/latex/xcolor/xcolor.sty
Package: xcolor 2016/05/11 v2.12 LaTeX color extensions (UK)
 (c:/work/app/texlive/2019/texmf-dist/tex/latex/graphics-cfg/color.cfg
File: color.cfg 2016/01/02 v1.6 sample color configuration
)
Package xcolor Info: Driver file: pdftex.def on input line 225.
Package xcolor Info: Model `cmy' substituted by `cmy0' on input line 1348.
Package xcolor Info: Model `hsb' substituted by `rgb' on input line 1352.
Package xcolor Info: Model `RGB' extended on input line 1364.
Package xcolor Info: Model `HTML' substituted by `rgb' on input line 1366.
Package xcolor Info: Model `Hsb' substituted by `hsb' on input line 1367.
Package xcolor Info: Model `tHsb' substituted by `hsb' on input line 1368.
Package xcolor Info: Model `HSB' substituted by `hsb' on input line 1369.
Package xcolor Info: Model `Gray' substituted by `gray' on input line 1370.
Package xcolor Info: Model `wave' substituted by `hsb' on input line 1371.
) (c:/work/app/texlive/2019/texmf-dist/tex/generic/pgf/basiclayer/pgfcore.code.tex
Package: pgfcore 2019/08/03 v3.1.4b (3.1.4b)
 (c:/work/app/texlive/2019/texmf-dist/tex/generic/pgf/math/pgfmath.code.tex (c:/work/app/texlive/2019/texmf-dist/tex/generic/pgf/math/pgfmathcalc.code.tex (c:/work/app/texlive/2019/texmf-dist/tex/generic/pgf/math/pgfmathutil.code.tex) (c:/work/app/texlive/2019/texmf-dist/tex/generic/pgf/math/pgfmathparser.code.tex
\pgfmath@dimen=\dimen140
\pgfmath@count=\count115
\pgfmath@box=\box37
\pgfmath@toks=\toks23
\pgfmath@stack@operand=\toks24
\pgfmath@stack@operation=\toks25
) (c:/work/app/texlive/2019/texmf-dist/tex/generic/pgf/math/pgfmathfunctions.code.tex (c:/work/app/texlive/2019/texmf-dist/tex/generic/pgf/math/pgfmathfunctions.basic.code.tex) (c:/work/app/texlive/2019/texmf-dist/tex/generic/pgf/math/pgfmathfunctions.trigonometric.code.tex) (c:/work/app/texlive/2019/texmf-dist/tex/generic/pgf/math/pgfmathfunctions.random.code.tex) (c:/work/app/texlive/2019/texmf-dist/tex/generic/pgf/math/pgfmathfunctions.comparison.code.tex) (c:/work/app/texlive/2019/texmf-dist/tex/generic/pgf/math/pgfmathfunctions.base.code.tex) (c:/work/app/texlive/2019/texmf-dist/tex/generic/pgf/math/pgfmathfunctions.round.code.tex) (c:/work/app/texlive/2019/texmf-dist/tex/generic/pgf/math/pgfmathfunctions.misc.code.tex) (c:/work/app/texlive/2019/texmf-dist/tex/generic/pgf/math/pgfmathfunctions.integerarithmetics.code.tex))) (c:/work/app/texlive/2019/texmf-dist/tex/generic/pgf/math/pgfmathfloat.code.tex
\c@pgfmathroundto@lastzeros=\count116
)) (c:/work/app/texlive/2019/texmf-dist/tex/generic/pgf/math/pgfint.code.tex) (c:/work/app/texlive/2019/texmf-dist/tex/generic/pgf/basiclayer/pgfcorepoints.code.tex
File: pgfcorepoints.code.tex 2019/08/03 v3.1.4b (3.1.4b)
\pgf@picminx=\dimen141
\pgf@picmaxx=\dimen142
\pgf@picminy=\dimen143
\pgf@picmaxy=\dimen144
\pgf@pathminx=\dimen145
\pgf@pathmaxx=\dimen146
\pgf@pathminy=\dimen147
\pgf@pathmaxy=\dimen148
\pgf@xx=\dimen149
\pgf@xy=\dimen150
\pgf@yx=\dimen151
\pgf@yy=\dimen152
\pgf@zx=\dimen153
\pgf@zy=\dimen154
) (c:/work/app/texlive/2019/texmf-dist/tex/generic/pgf/basiclayer/pgfcorepathconstruct.code.tex
File: pgfcorepathconstruct.code.tex 2019/08/03 v3.1.4b (3.1.4b)
\pgf@path@lastx=\dimen155
\pgf@path@lasty=\dimen156
) (c:/work/app/texlive/2019/texmf-dist/tex/generic/pgf/basiclayer/pgfcorepathusage.code.tex
File: pgfcorepathusage.code.tex 2019/08/03 v3.1.4b (3.1.4b)
\pgf@shorten@end@additional=\dimen157
\pgf@shorten@start@additional=\dimen158
) (c:/work/app/texlive/2019/texmf-dist/tex/generic/pgf/basiclayer/pgfcorescopes.code.tex
File: pgfcorescopes.code.tex 2019/08/03 v3.1.4b (3.1.4b)
\pgfpic=\box38
\pgf@hbox=\box39
\pgf@layerbox@main=\box40
\pgf@picture@serial@count=\count117
) (c:/work/app/texlive/2019/texmf-dist/tex/generic/pgf/basiclayer/pgfcoregraphicstate.code.tex
File: pgfcoregraphicstate.code.tex 2019/08/03 v3.1.4b (3.1.4b)
\pgflinewidth=\dimen159
) (c:/work/app/texlive/2019/texmf-dist/tex/generic/pgf/basiclayer/pgfcoretransformations.code.tex
File: pgfcoretransformations.code.tex 2019/08/03 v3.1.4b (3.1.4b)
\pgf@pt@x=\dimen160
\pgf@pt@y=\dimen161
\pgf@pt@temp=\dimen162
) (c:/work/app/texlive/2019/texmf-dist/tex/generic/pgf/basiclayer/pgfcorequick.code.tex
File: pgfcorequick.code.tex 2019/08/03 v3.1.4b (3.1.4b)
) (c:/work/app/texlive/2019/texmf-dist/tex/generic/pgf/basiclayer/pgfcoreobjects.code.tex
File: pgfcoreobjects.code.tex 2019/08/03 v3.1.4b (3.1.4b)
) (c:/work/app/texlive/2019/texmf-dist/tex/generic/pgf/basiclayer/pgfcorepathprocessing.code.tex
File: pgfcorepathprocessing.code.tex 2019/08/03 v3.1.4b (3.1.4b)
) (c:/work/app/texlive/2019/texmf-dist/tex/generic/pgf/basiclayer/pgfcorearrows.code.tex
File: pgfcorearrows.code.tex 2019/08/03 v3.1.4b (3.1.4b)
\pgfarrowsep=\dimen163
) (c:/work/app/texlive/2019/texmf-dist/tex/generic/pgf/basiclayer/pgfcoreshade.code.tex
File: pgfcoreshade.code.tex 2019/08/03 v3.1.4b (3.1.4b)
\pgf@max=\dimen164
\pgf@sys@shading@range@num=\count118
\pgf@shadingcount=\count119
) (c:/work/app/texlive/2019/texmf-dist/tex/generic/pgf/basiclayer/pgfcoreimage.code.tex
File: pgfcoreimage.code.tex 2019/08/03 v3.1.4b (3.1.4b)
 (c:/work/app/texlive/2019/texmf-dist/tex/generic/pgf/basiclayer/pgfcoreexternal.code.tex
File: pgfcoreexternal.code.tex 2019/08/03 v3.1.4b (3.1.4b)
\pgfexternal@startupbox=\box41
)) (c:/work/app/texlive/2019/texmf-dist/tex/generic/pgf/basiclayer/pgfcorelayers.code.tex
File: pgfcorelayers.code.tex 2019/08/03 v3.1.4b (3.1.4b)
) (c:/work/app/texlive/2019/texmf-dist/tex/generic/pgf/basiclayer/pgfcoretransparency.code.tex
File: pgfcoretransparency.code.tex 2019/08/03 v3.1.4b (3.1.4b)
) (c:/work/app/texlive/2019/texmf-dist/tex/generic/pgf/basiclayer/pgfcorepatterns.code.tex
File: pgfcorepatterns.code.tex 2019/08/03 v3.1.4b (3.1.4b)
) (c:/work/app/texlive/2019/texmf-dist/tex/generic/pgf/basiclayer/pgfcorerdf.code.tex
File: pgfcorerdf.code.tex 2019/08/03 v3.1.4b (3.1.4b)
))) (c:/work/app/texlive/2019/texmf-dist/tex/latex/pgf/utilities/xxcolor.sty
Package: xxcolor 2003/10/24 ver 0.1
\XC@nummixins=\count120
\XC@countmixins=\count121
) (c:/work/app/texlive/2019/texmf-dist/tex/generic/oberdiek/atbegshi.sty
Package: atbegshi 2016/06/09 v1.18 At begin shipout hook (HO)
 (c:/work/app/texlive/2019/texmf-dist/tex/generic/oberdiek/infwarerr.sty
Package: infwarerr 2016/05/16 v1.4 Providing info/warning/error messages (HO)
) (c:/work/app/texlive/2019/texmf-dist/tex/generic/oberdiek/ltxcmds.sty
Package: ltxcmds 2016/05/16 v1.23 LaTeX kernel commands for general use (HO)
)) (c:/work/app/texlive/2019/texmf-dist/tex/latex/hyperref/hyperref.sty
Package: hyperref 2019/09/12 v6.88i Hypertext links for LaTeX
 (c:/work/app/texlive/2019/texmf-dist/tex/generic/oberdiek/hobsub-hyperref.sty
Package: hobsub-hyperref 2016/05/16 v1.14 Bundle oberdiek, subset hyperref (HO)
 (c:/work/app/texlive/2019/texmf-dist/tex/generic/oberdiek/hobsub-generic.sty
Package: hobsub-generic 2016/05/16 v1.14 Bundle oberdiek, subset generic (HO)
Package: hobsub 2016/05/16 v1.14 Construct package bundles (HO)
Package hobsub Info: Skipping package `infwarerr' (already loaded).
Package hobsub Info: Skipping package `ltxcmds' (already loaded).
Package: ifluatex 2016/05/16 v1.4 Provides the ifluatex switch (HO)
Package ifluatex Info: LuaTeX not detected.
Package hobsub Info: Skipping package `ifvtex' (already loaded).
Package: intcalc 2016/05/16 v1.2 Expandable calculations with integers (HO)
Package hobsub Info: Skipping package `ifpdf' (already loaded).
Package: etexcmds 2016/05/16 v1.6 Avoid name clashes with e-TeX commands (HO)
Package: kvsetkeys 2016/05/16 v1.17 Key value parser (HO)
Package: kvdefinekeys 2016/05/16 v1.4 Define keys (HO)
Package: pdftexcmds 2019/07/25 v0.30 Utility functions of pdfTeX for LuaTeX (HO)
Package pdftexcmds Info: LuaTeX not detected.
Package pdftexcmds Info: \pdf@primitive is available.
Package pdftexcmds Info: \pdf@ifprimitive is available.
Package pdftexcmds Info: \pdfdraftmode found.
Package: pdfescape 2016/05/16 v1.14 Implements pdfTeX's escape features (HO)
Package: bigintcalc 2016/05/16 v1.4 Expandable calculations on big integers (HO)
Package: bitset 2016/05/16 v1.2 Handle bit-vector datatype (HO)
Package: uniquecounter 2016/05/16 v1.3 Provide unlimited unique counter (HO)
)
Package hobsub Info: Skipping package `hobsub' (already loaded).
Package: letltxmacro 2016/05/16 v1.5 Let assignment for LaTeX macros (HO)
Package: hopatch 2016/05/16 v1.3 Wrapper for package hooks (HO)
Package: xcolor-patch 2016/05/16 xcolor patch
Package: atveryend 2016/05/16 v1.9 Hooks at the very end of document (HO)
Package hobsub Info: Skipping package `atbegshi' (already loaded).
Package: refcount 2016/05/16 v3.5 Data extraction from label references (HO)
Package: hycolor 2016/05/16 v1.8 Color options for hyperref/bookmark (HO)
) (c:/work/app/texlive/2019/texmf-dist/tex/latex/oberdiek/auxhook.sty
Package: auxhook 2016/05/16 v1.4 Hooks for auxiliary files (HO)
) (c:/work/app/texlive/2019/texmf-dist/tex/latex/oberdiek/kvoptions.sty
Package: kvoptions 2016/05/16 v3.12 Key value format for package options (HO)
)
\@linkdim=\dimen165
\Hy@linkcounter=\count122
\Hy@pagecounter=\count123
 (c:/work/app/texlive/2019/texmf-dist/tex/latex/hyperref/pd1enc.def
File: pd1enc.def 2019/09/12 v6.88i Hyperref: PDFDocEncoding definition (HO)
Now handling font encoding PD1 ...
... no UTF-8 mapping file for font encoding PD1
)
\Hy@SavedSpaceFactor=\count124
 (c:/work/app/texlive/2019/texmf-dist/tex/latex/latexconfig/hyperref.cfg
File: hyperref.cfg 2002/06/06 v1.2 hyperref configuration of TeXLive
)
Package hyperref Info: Option `bookmarks' set `true' on input line 4424.
Package hyperref Info: Option `bookmarksopen' set `true' on input line 4424.
Package hyperref Info: Option `implicit' set `false' on input line 4424.
Package hyperref Info: Hyper figures OFF on input line 4550.
Package hyperref Info: Link nesting OFF on input line 4555.
Package hyperref Info: Hyper index ON on input line 4558.
Package hyperref Info: Plain pages OFF on input line 4565.
Package hyperref Info: Backreferencing OFF on input line 4570.
Package hyperref Info: Implicit mode OFF; no redefinition of LaTeX internals.
Package hyperref Info: Bookmarks ON on input line 4803.
\c@Hy@tempcnt=\count125
 (c:/work/app/texlive/2019/texmf-dist/tex/latex/url/url.sty
\Urlmuskip=\muskip10
Package: url 2013/09/16  ver 3.4  Verb mode for urls, etc.
)
LaTeX Info: Redefining \url on input line 5156.
\XeTeXLinkMargin=\dimen166
\Fld@menulength=\count126
\Field@Width=\dimen167
\Fld@charsize=\dimen168
Package hyperref Info: Hyper figures OFF on input line 6411.
Package hyperref Info: Link nesting OFF on input line 6416.
Package hyperref Info: Hyper index ON on input line 6419.
Package hyperref Info: backreferencing OFF on input line 6426.
Package hyperref Info: Link coloring OFF on input line 6431.
Package hyperref Info: Link coloring with OCG OFF on input line 6436.
Package hyperref Info: PDF/A mode OFF on input line 6441.
LaTeX Info: Redefining \ref on input line 6481.
LaTeX Info: Redefining \pageref on input line 6485.
\Hy@abspage=\count127


Package hyperref Message: Stopped early.

)
Package hyperref Info: Driver (autodetected): hpdftex.
 (c:/work/app/texlive/2019/texmf-dist/tex/latex/hyperref/hpdftex.def
File: hpdftex.def 2019/09/12 v6.88i Hyperref driver for pdfTeX
\Fld@listcount=\count128
\c@bookmark@seq@number=\count129
 (c:/work/app/texlive/2019/texmf-dist/tex/latex/oberdiek/rerunfilecheck.sty
Package: rerunfilecheck 2016/05/16 v1.8 Rerun checks for auxiliary files (HO)
Package uniquecounter Info: New unique counter `rerunfilecheck' on input line 282.
)) (c:/work/app/texlive/2019/texmf-dist/tex/latex/beamer/beamerbaserequires.sty (c:/work/app/texlive/2019/texmf-dist/tex/latex/beamer/beamerbasecompatibility.sty) (c:/work/app/texlive/2019/texmf-dist/tex/latex/beamer/beamerbasefont.sty (c:/work/app/texlive/2019/texmf-dist/tex/latex/amsfonts/amssymb.sty
Package: amssymb 2013/01/14 v3.01 AMS font symbols
 (c:/work/app/texlive/2019/texmf-dist/tex/latex/amsfonts/amsfonts.sty
Package: amsfonts 2013/01/14 v3.01 Basic AMSFonts support
\@emptytoks=\toks26
\symAMSa=\mathgroup4
\symAMSb=\mathgroup5
LaTeX Font Info:    Overwriting math alphabet `\mathfrak' in version `bold'
(Font)                  U/euf/m/n --> U/euf/b/n on input line 106.
))) (c:/work/app/texlive/2019/texmf-dist/tex/latex/beamer/beamerbasetranslator.sty (c:/work/app/texlive/2019/texmf-dist/tex/latex/translator/translator.sty
Package: translator 2019-05-31 v1.12a Easy translation of strings in LaTeX
)) (c:/work/app/texlive/2019/texmf-dist/tex/latex/beamer/beamerbasemisc.sty) (c:/work/app/texlive/2019/texmf-dist/tex/latex/beamer/beamerbasetwoscreens.sty) (c:/work/app/texlive/2019/texmf-dist/tex/latex/beamer/beamerbaseoverlay.sty
\beamer@argscount=\count130
\beamer@lastskipcover=\skip44
\beamer@trivlistdepth=\count131
) (c:/work/app/texlive/2019/texmf-dist/tex/latex/beamer/beamerbasetitle.sty) (c:/work/app/texlive/2019/texmf-dist/tex/latex/beamer/beamerbasesection.sty
\c@lecture=\count132
\c@part=\count133
\c@section=\count134
\c@subsection=\count135
\c@subsubsection=\count136
) (c:/work/app/texlive/2019/texmf-dist/tex/latex/beamer/beamerbaseframe.sty
\beamer@framebox=\box42
\beamer@frametitlebox=\box43
\beamer@zoombox=\box44
\beamer@zoomcount=\count137
\beamer@zoomframecount=\count138
\beamer@frametextheight=\dimen169
\c@subsectionslide=\count139
\beamer@frametopskip=\skip45
\beamer@framebottomskip=\skip46
\beamer@frametopskipautobreak=\skip47
\beamer@framebottomskipautobreak=\skip48
\beamer@envbody=\toks27
\framewidth=\dimen170
\c@framenumber=\count140
) (c:/work/app/texlive/2019/texmf-dist/tex/latex/beamer/beamerbaseverbatim.sty
\beamer@verbatimfileout=\write4
) (c:/work/app/texlive/2019/texmf-dist/tex/latex/beamer/beamerbaseframesize.sty
\beamer@splitbox=\box45
\beamer@autobreakcount=\count141
\beamer@autobreaklastheight=\dimen171
\beamer@frametitletoks=\toks28
\beamer@framesubtitletoks=\toks29
) (c:/work/app/texlive/2019/texmf-dist/tex/latex/beamer/beamerbaseframecomponents.sty
\beamer@footins=\box46
) (c:/work/app/texlive/2019/texmf-dist/tex/latex/beamer/beamerbasecolor.sty) (c:/work/app/texlive/2019/texmf-dist/tex/latex/beamer/beamerbasenotes.sty
\beamer@frameboxcopy=\box47
) (c:/work/app/texlive/2019/texmf-dist/tex/latex/beamer/beamerbasetoc.sty) (c:/work/app/texlive/2019/texmf-dist/tex/latex/beamer/beamerbasetemplates.sty
\beamer@sbttoks=\toks30
 (c:/work/app/texlive/2019/texmf-dist/tex/latex/beamer/beamerbaseauxtemplates.sty (c:/work/app/texlive/2019/texmf-dist/tex/latex/beamer/beamerbaseboxes.sty
\bmb@box=\box48
\bmb@colorbox=\box49
\bmb@boxshadow=\box50
\bmb@boxshadowball=\box51
\bmb@boxshadowballlarge=\box52
\bmb@temp=\dimen172
\bmb@dima=\dimen173
\bmb@dimb=\dimen174
\bmb@prevheight=\dimen175
)
\beamer@blockheadheight=\dimen176
)) (c:/work/app/texlive/2019/texmf-dist/tex/latex/beamer/beamerbaselocalstructure.sty (c:/work/app/texlive/2019/texmf-dist/tex/latex/tools/enumerate.sty
Package: enumerate 2015/07/23 v3.00 enumerate extensions (DPC)
\@enLab=\toks31
)
\c@figure=\count142
\c@table=\count143
\abovecaptionskip=\skip49
\belowcaptionskip=\skip50
) (c:/work/app/texlive/2019/texmf-dist/tex/latex/beamer/beamerbasenavigation.sty
\beamer@section@min@dim=\dimen177
) (c:/work/app/texlive/2019/texmf-dist/tex/latex/beamer/beamerbasetheorems.sty (c:/work/app/texlive/2019/texmf-dist/tex/latex/amsmath/amsmath.sty
Package: amsmath 2018/12/01 v2.17b AMS math features
\@mathmargin=\skip51

For additional information on amsmath, use the `?' option.
(c:/work/app/texlive/2019/texmf-dist/tex/latex/amsmath/amstext.sty
Package: amstext 2000/06/29 v2.01 AMS text
 (c:/work/app/texlive/2019/texmf-dist/tex/latex/amsmath/amsgen.sty
File: amsgen.sty 1999/11/30 v2.0 generic functions
\@emptytoks=\toks32
\ex@=\dimen178
)) (c:/work/app/texlive/2019/texmf-dist/tex/latex/amsmath/amsbsy.sty
Package: amsbsy 1999/11/29 v1.2d Bold Symbols
\pmbraise@=\dimen179
) (c:/work/app/texlive/2019/texmf-dist/tex/latex/amsmath/amsopn.sty
Package: amsopn 2016/03/08 v2.02 operator names
)
\inf@bad=\count144
LaTeX Info: Redefining \frac on input line 223.
\uproot@=\count145
\leftroot@=\count146
LaTeX Info: Redefining \overline on input line 385.
\classnum@=\count147
\DOTSCASE@=\count148
LaTeX Info: Redefining \ldots on input line 482.
LaTeX Info: Redefining \dots on input line 485.
LaTeX Info: Redefining \cdots on input line 606.
\Mathstrutbox@=\box53
\strutbox@=\box54
\big@size=\dimen180
LaTeX Font Info:    Redeclaring font encoding OML on input line 729.
LaTeX Font Info:    Redeclaring font encoding OMS on input line 730.
\macc@depth=\count149
\c@MaxMatrixCols=\count150
\dotsspace@=\muskip11
\c@parentequation=\count151
\dspbrk@lvl=\count152
\tag@help=\toks33
\row@=\count153
\column@=\count154
\maxfields@=\count155
\andhelp@=\toks34
\eqnshift@=\dimen181
\alignsep@=\dimen182
\tagshift@=\dimen183
\tagwidth@=\dimen184
\totwidth@=\dimen185
\lineht@=\dimen186
\@envbody=\toks35
\multlinegap=\skip52
\multlinetaggap=\skip53
\mathdisplay@stack=\toks36
LaTeX Info: Redefining \[ on input line 2844.
LaTeX Info: Redefining \] on input line 2845.
) (c:/work/app/texlive/2019/texmf-dist/tex/latex/amscls/amsthm.sty
Package: amsthm 2017/10/31 v2.20.4
\thm@style=\toks37
\thm@bodyfont=\toks38
\thm@headfont=\toks39
\thm@notefont=\toks40
\thm@headpunct=\toks41
\thm@preskip=\skip54
\thm@postskip=\skip55
\thm@headsep=\skip56
\dth@everypar=\toks42
)
\c@theorem=\count156
) (c:/work/app/texlive/2019/texmf-dist/tex/latex/beamer/beamerbasethemes.sty)) (c:/work/app/texlive/2019/texmf-dist/tex/latex/beamer/beamerthemedefault.sty (c:/work/app/texlive/2019/texmf-dist/tex/latex/beamer/beamerfontthemedefault.sty) (c:/work/app/texlive/2019/texmf-dist/tex/latex/beamer/beamercolorthemedefault.sty) (c:/work/app/texlive/2019/texmf-dist/tex/latex/beamer/beamerinnerthemedefault.sty
\beamer@dima=\dimen187
\beamer@dimb=\dimen188
) (c:/work/app/texlive/2019/texmf-dist/tex/latex/beamer/beamerouterthemedefault.sty))) (c:/work/app/texlive/2019/texmf-dist/tex/latex/base/inputenc.sty
Package: inputenc 2018/08/11 v1.3c Input encoding file
\inpenc@prehook=\toks43
\inpenc@posthook=\toks44
) (c:/work/app/texlive/2019/texmf-dist/tex/generic/german/ngerman.sty v2.5e 1998-07-08
Package: ngerman 1998/07/08 v2.5e Support for writing german texts (br)
\grmnU@D=\dimen189
ngerman -- \language number for naustrian undefined, default 14 used.
ngerman -- \language number for French undefined, default 255 used.
) (c:/work/app/texlive/2019/texmf-dist/tex/latex/base/fontenc.sty
Package: fontenc 2018/08/11 v2.0j Standard LaTeX package
 (c:/work/app/texlive/2019/texmf-dist/tex/latex/base/t1enc.def
File: t1enc.def 2018/08/11 v2.0j Standard LaTeX file
LaTeX Font Info:    Redeclaring font encoding T1 on input line 48.
)) (c:/work/app/texlive/2019/texmf-dist/tex/latex/base/ifthen.sty
Package: ifthen 2014/09/29 v1.1c Standard LaTeX ifthen package (DPC)
) (c:/work/app/texlive/2019/texmf-dist/tex/latex/listings/listings.sty
\lst@mode=\count157
\lst@gtempboxa=\box55
\lst@token=\toks45
\lst@length=\count158
\lst@currlwidth=\dimen190
\lst@column=\count159
\lst@pos=\count160
\lst@lostspace=\dimen191
\lst@width=\dimen192
\lst@newlines=\count161
\lst@lineno=\count162
\lst@maxwidth=\dimen193
 (c:/work/app/texlive/2019/texmf-dist/tex/latex/listings/lstmisc.sty
File: lstmisc.sty 2019/09/10 1.8c (Carsten Heinz)
\c@lstnumber=\count163
\lst@skipnumbers=\count164
\lst@framebox=\box56
) (c:/work/app/texlive/2019/texmf-dist/tex/latex/listings/listings.cfg
File: listings.cfg 2019/09/10 1.8c listings configuration
))
Package: listings 2019/09/10 1.8c (Carsten Heinz)
 (c:/work/app/texlive/2019/texmf-dist/tex/latex/tools/array.sty
Package: array 2018/12/30 v2.4k Tabular extension package (FMi)
\col@sep=\dimen194
\ar@mcellbox=\box57
\extrarowheight=\dimen195
\NC@list=\toks46
\extratabsurround=\skip57
\backup@length=\skip58
\ar@cellbox=\box58
) (c:/work/app/texlive/texmf-local/tex/latex/local/makros/beamerHtwFolien.tex (c:/work/app/texlive/2019/texmf-dist/tex/latex/beamer/beamerouterthemeinfolines.sty)) (c:/work/lv/lv-folien/lv-adbkt/folien-adbkt-js/folien-adbkt-js.aux)
\openout1 = `folien-adbkt-js.aux'.

LaTeX Font Info:    Checking defaults for OML/cmm/m/it on input line 26.
LaTeX Font Info:    ... okay on input line 26.
LaTeX Font Info:    Checking defaults for T1/cmr/m/n on input line 26.
LaTeX Font Info:    ... okay on input line 26.
LaTeX Font Info:    Checking defaults for OT1/cmr/m/n on input line 26.
LaTeX Font Info:    ... okay on input line 26.
LaTeX Font Info:    Checking defaults for OMS/cmsy/m/n on input line 26.
LaTeX Font Info:    ... okay on input line 26.
LaTeX Font Info:    Checking defaults for OMX/cmex/m/n on input line 26.
LaTeX Font Info:    ... okay on input line 26.
LaTeX Font Info:    Checking defaults for U/cmr/m/n on input line 26.
LaTeX Font Info:    ... okay on input line 26.
LaTeX Font Info:    Checking defaults for PD1/pdf/m/n on input line 26.
LaTeX Font Info:    ... okay on input line 26.

*geometry* driver: auto-detecting
*geometry* detected driver: pdftex
*geometry* verbose mode - [ preamble ] result:
* driver: pdftex
* paper: custom
* layout: <same size as paper>
* layoutoffset:(h,v)=(0.0pt,0.0pt)
* modes: includehead includefoot 
* h-part:(L,W,R)=(10.88002pt, 342.43532pt, 10.88002pt)
* v-part:(T,H,B)=(0.0pt, 273.14662pt, 0.0pt)
* \paperwidth=364.19536pt
* \paperheight=273.14662pt
* \textwidth=342.43532pt
* \textheight=244.6939pt
* \oddsidemargin=-61.38997pt
* \evensidemargin=-61.38997pt
* \topmargin=-72.26999pt
* \headheight=14.22636pt
* \headsep=0.0pt
* \topskip=11.0pt
* \footskip=14.22636pt
* \marginparwidth=4.0pt
* \marginparsep=10.0pt
* \columnsep=10.0pt
* \skip\footins=10.0pt plus 4.0pt minus 2.0pt
* \hoffset=0.0pt
* \voffset=0.0pt
* \mag=1000
* \@twocolumnfalse
* \@twosidefalse
* \@mparswitchfalse
* \@reversemarginfalse
* (1in=72.27pt=25.4mm, 1cm=28.453pt)

(c:/work/app/texlive/2019/texmf-dist/tex/context/base/mkii/supp-pdf.mkii
[Loading MPS to PDF converter (version 2006.09.02).]
\scratchcounter=\count165
\scratchdimen=\dimen196
\scratchbox=\box59
\nofMPsegments=\count166
\nofMParguments=\count167
\everyMPshowfont=\toks47
\MPscratchCnt=\count168
\MPscratchDim=\dimen197
\MPnumerator=\count169
\makeMPintoPDFobject=\count170
\everyMPtoPDFconversion=\toks48
) (c:/work/app/texlive/2019/texmf-dist/tex/latex/oberdiek/epstopdf-base.sty
Package: epstopdf-base 2016/05/15 v2.6 Base part for package epstopdf
 (c:/work/app/texlive/2019/texmf-dist/tex/latex/oberdiek/grfext.sty
Package: grfext 2016/05/16 v1.2 Manage graphics extensions (HO)
)
Package epstopdf-base Info: Redefining graphics rule for `.eps' on input line 438.
Package grfext Info: Graphics extension search list:
(grfext)             [.pdf,.png,.jpg,.mps,.jpeg,.jbig2,.jb2,.PDF,.PNG,.JPG,.JPEG,.JBIG2,.JB2,.eps]
(grfext)             \AppendGraphicsExtensions on input line 456.
 (c:/work/app/texlive/2019/texmf-dist/tex/latex/latexconfig/epstopdf-sys.cfg
File: epstopdf-sys.cfg 2010/07/13 v1.3 Configuration of (r)epstopdf for TeX Live
)) ABD: EveryShipout initializing macros
\AtBeginShipoutBox=\box60
Package hyperref Info: Link coloring OFF on input line 26.
 (c:/work/app/texlive/2019/texmf-dist/tex/latex/hyperref/nameref.sty
Package: nameref 2019/09/12 v2.45 Cross-referencing by name of section
 (c:/work/app/texlive/2019/texmf-dist/tex/generic/oberdiek/gettitlestring.sty
Package: gettitlestring 2016/05/16 v1.5 Cleanup title references (HO)
)
\c@section@level=\count171
)
LaTeX Info: Redefining \ref on input line 26.
LaTeX Info: Redefining \pageref on input line 26.
LaTeX Info: Redefining \nameref on input line 26.
 (c:/work/lv/lv-folien/lv-adbkt/folien-adbkt-js/folien-adbkt-js.out) (c:/work/lv/lv-folien/lv-adbkt/folien-adbkt-js/folien-adbkt-js.out)
\@outlinefile=\write5
\openout5 = `folien-adbkt-js.out'.

LaTeX Font Info:    Overwriting symbol font `operators' in version `normal'
(Font)                  OT1/cmr/m/n --> OT1/cmss/m/n on input line 26.
LaTeX Font Info:    Overwriting symbol font `operators' in version `bold'
(Font)                  OT1/cmr/bx/n --> OT1/cmss/bx/n on input line 26.
\symnumbers=\mathgroup6
\sympureletters=\mathgroup7
LaTeX Font Info:    Overwriting math alphabet `\mathrm' in version `normal'
(Font)                  OT1/cmss/m/n --> T1/cmr/m/n on input line 26.
LaTeX Font Info:    Redeclaring math alphabet \mathbf on input line 26.
LaTeX Font Info:    Overwriting math alphabet `\mathbf' in version `normal'
(Font)                  OT1/cmr/bx/n --> T1/cmss/bx/n on input line 26.
LaTeX Font Info:    Overwriting math alphabet `\mathbf' in version `bold'
(Font)                  OT1/cmr/bx/n --> T1/cmss/bx/n on input line 26.
LaTeX Font Info:    Redeclaring math alphabet \mathsf on input line 26.
LaTeX Font Info:    Overwriting math alphabet `\mathsf' in version `normal'
(Font)                  OT1/cmss/m/n --> T1/cmss/m/n on input line 26.
LaTeX Font Info:    Overwriting math alphabet `\mathsf' in version `bold'
(Font)                  OT1/cmss/bx/n --> T1/cmss/m/n on input line 26.
LaTeX Font Info:    Redeclaring math alphabet \mathit on input line 26.
LaTeX Font Info:    Overwriting math alphabet `\mathit' in version `normal'
(Font)                  OT1/cmr/m/it --> T1/cmss/m/it on input line 26.
LaTeX Font Info:    Overwriting math alphabet `\mathit' in version `bold'
(Font)                  OT1/cmr/bx/it --> T1/cmss/m/it on input line 26.
LaTeX Font Info:    Redeclaring math alphabet \mathtt on input line 26.
LaTeX Font Info:    Overwriting math alphabet `\mathtt' in version `normal'
(Font)                  OT1/cmtt/m/n --> T1/cmtt/m/n on input line 26.
LaTeX Font Info:    Overwriting math alphabet `\mathtt' in version `bold'
(Font)                  OT1/cmtt/m/n --> T1/cmtt/m/n on input line 26.
LaTeX Font Info:    Overwriting symbol font `numbers' in version `bold'
(Font)                  T1/cmss/m/n --> T1/cmss/bx/n on input line 26.
LaTeX Font Info:    Overwriting symbol font `pureletters' in version `bold'
(Font)                  T1/cmss/m/it --> T1/cmss/bx/it on input line 26.
LaTeX Font Info:    Overwriting math alphabet `\mathrm' in version `bold'
(Font)                  OT1/cmss/bx/n --> T1/cmr/bx/n on input line 26.
LaTeX Font Info:    Overwriting math alphabet `\mathbf' in version `bold'
(Font)                  T1/cmss/bx/n --> T1/cmss/bx/n on input line 26.
LaTeX Font Info:    Overwriting math alphabet `\mathsf' in version `bold'
(Font)                  T1/cmss/m/n --> T1/cmss/bx/n on input line 26.
LaTeX Font Info:    Overwriting math alphabet `\mathit' in version `bold'
(Font)                  T1/cmss/m/it --> T1/cmss/bx/it on input line 26.
LaTeX Font Info:    Overwriting math alphabet `\mathtt' in version `bold'
(Font)                  T1/cmtt/m/n --> T1/cmtt/bx/n on input line 26.
 (c:/work/app/texlive/2019/texmf-dist/tex/latex/translator/translator-basic-dictionary-English.dict
Dictionary: translator-basic-dictionary, Language: English 
) (c:/work/app/texlive/2019/texmf-dist/tex/latex/translator/translator-bibliography-dictionary-English.dict
Dictionary: translator-bibliography-dictionary, Language: English 
) (c:/work/app/texlive/2019/texmf-dist/tex/latex/translator/translator-environment-dictionary-English.dict
Dictionary: translator-environment-dictionary, Language: English 
) (c:/work/app/texlive/2019/texmf-dist/tex/latex/translator/translator-months-dictionary-English.dict
Dictionary: translator-months-dictionary, Language: English 
) (c:/work/app/texlive/2019/texmf-dist/tex/latex/translator/translator-numbers-dictionary-English.dict
Dictionary: translator-numbers-dictionary, Language: English 
) (c:/work/app/texlive/2019/texmf-dist/tex/latex/translator/translator-theorem-dictionary-English.dict
Dictionary: translator-theorem-dictionary, Language: English 
)
\c@lstlisting=\count172
 (c:/work/lv/lv-folien/lv-adbkt/folien-adbkt-js/folien-adbkt-js.nav) (c:/work/lv/lv-folien/lv-adbkt/folien-adbkt-js/folien-adbkt-js.toc) [1

{c:/work/app/texlive/2019/texmf-var/fonts/map/pdftex/updmap/pdftex.map}]
LaTeX Font Info:    Try loading font information for U+msa on input line 49.
 (c:/work/app/texlive/2019/texmf-dist/tex/latex/amsfonts/umsa.fd
File: umsa.fd 2013/01/14 v3.01 AMS symbols A
)
LaTeX Font Info:    Try loading font information for U+msb on input line 49.
 (c:/work/app/texlive/2019/texmf-dist/tex/latex/amsfonts/umsb.fd
File: umsb.fd 2013/01/14 v3.01 AMS symbols B
)
<fig/async1.png, id=52, 831.105pt x 299.1175pt>
File: fig/async1.png Graphic file (type png)
<use fig/async1.png>
Package pdftex.def Info: fig/async1.png  used on input line 49.
(pdftex.def)             Requested size: 232.70781pt x 83.75232pt.
 [2

 <c:/work/lv/lv-folien/lv-adbkt/folien-adbkt-js/fig/async1.png>]
<fig/async2.png, id=62, 768.8725pt x 299.1175pt>
File: fig/async2.png Graphic file (type png)
<use fig/async2.png>
Package pdftex.def Info: fig/async2.png  used on input line 65.
(pdftex.def)             Requested size: 215.28282pt x 83.75232pt.
<fig/async3.png, id=63, 303.38344pt x 193.47281pt>
File: fig/async3.png Graphic file (type png)
<use fig/async3.png>
Package pdftex.def Info: fig/async3.png  used on input line 65.
(pdftex.def)             Requested size: 151.69135pt x 96.73616pt.
<fig/async4.png, id=64, 305.64188pt x 193.47281pt>
File: fig/async4.png Graphic file (type png)
<use fig/async4.png>
Package pdftex.def Info: fig/async4.png  used on input line 65.
(pdftex.def)             Requested size: 152.82056pt x 96.73616pt.
 [3

 <c:/work/lv/lv-folien/lv-adbkt/folien-adbkt-js/fig/async2.png> <c:/work/lv/lv-folien/lv-adbkt/folien-adbkt-js/fig/async3.png> <c:/work/lv/lv-folien/lv-adbkt/folien-adbkt-js/fig/async4.png>]
<fig/nodejs-system1.jpg, id=74, 1385.175pt x 549.05125pt>
File: fig/nodejs-system1.jpg Graphic file (type jpg)
<use fig/nodejs-system1.jpg>
Package pdftex.def Info: fig/nodejs-system1.jpg  used on input line 71.
(pdftex.def)             Requested size: 346.29291pt x 137.26247pt.

Overfull \hbox (3.85759pt too wide) in paragraph at lines 71--71
 [] 
 []

[4

 <c:/work/lv/lv-folien/lv-adbkt/folien-adbkt-js/fig/nodejs-system1.jpg>]
<fig/async5.png, id=81, 1114.1625pt x 437.635pt>
File: fig/async5.png Graphic file (type png)
<use fig/async5.png>
Package pdftex.def Info: fig/async5.png  used on input line 78.
(pdftex.def)             Requested size: 311.96338pt x 122.53696pt.
<fig/async6.png, id=82, 307.1475pt x 146.79843pt>
File: fig/async6.png Graphic file (type png)
<use fig/async6.png>
Package pdftex.def Info: fig/async6.png  used on input line 78.
(pdftex.def)             Requested size: 184.28992pt x 88.07973pt.

Overfull \vbox (4.23302pt too high) detected at line 78
 []

[5

 <c:/work/lv/lv-folien/lv-adbkt/folien-adbkt-js/fig/async5.png> <c:/work/lv/lv-folien/lv-adbkt/folien-adbkt-js/fig/async6.png>]
<fig/promises1.png, id=91, 925.4575pt x 299.1175pt>
File: fig/promises1.png Graphic file (type png)
<use fig/promises1.png>
Package pdftex.def Info: fig/promises1.png  used on input line 86.
(pdftex.def)             Requested size: 259.12633pt x 83.75232pt.
<fig/promises2.png, id=92, 400.49625pt x 201.00093pt>
File: fig/promises2.png Graphic file (type png)
<use fig/promises2.png>
Package pdftex.def Info: fig/promises2.png  used on input line 86.
(pdftex.def)             Requested size: 240.29959pt x 120.60147pt.

Overfull \vbox (0.81514pt too high) detected at line 86
 []

[6

 <c:/work/lv/lv-folien/lv-adbkt/folien-adbkt-js/fig/promises1.png> <c:/work/lv/lv-folien/lv-adbkt/folien-adbkt-js/fig/promises2.png>]
<fig/promises2a.png, id=100, 1445.4pt x 748.7975pt>
File: fig/promises2a.png Graphic file (type png)
<use fig/promises2a.png>
Package pdftex.def Info: fig/promises2a.png  used on input line 100.
(pdftex.def)             Requested size: 317.98898pt x 164.73595pt.
<fig/promises2b.png, id=101, 485.815pt x 367.3725pt>
File: fig/promises2b.png Graphic file (type png)
<use fig/promises2b.png>
Package pdftex.def Info: fig/promises2b.png  used on input line 100.
(pdftex.def)             Requested size: 102.02415pt x 77.1505pt.
 [7

 <c:/work/lv/lv-folien/lv-adbkt/folien-adbkt-js/fig/promises2a.png> <c:/work/lv/lv-folien/lv-adbkt/folien-adbkt-js/fig/promises2b.png>]
<fig/promises3.png, id=111, 1286.8075pt x 471.7625pt>
File: fig/promises3.png Graphic file (type png)
<use fig/promises3.png>
Package pdftex.def Info: fig/promises3.png  used on input line 119.
(pdftex.def)             Requested size: 308.8401pt x 113.22531pt.
<fig/promises4.png, id=112, 736.7525pt x 262.9825pt>
File: fig/promises4.png Graphic file (type png)
<use fig/promises4.png>
Package pdftex.def Info: fig/promises4.png  used on input line 119.
(pdftex.def)             Requested size: 154.72258pt x 55.22795pt.
<fig/promises5.png, id=113, 720.6925pt x 262.9825pt>
File: fig/promises5.png Graphic file (type png)
<use fig/promises5.png>
Package pdftex.def Info: fig/promises5.png  used on input line 119.
(pdftex.def)             Requested size: 151.34988pt x 55.22795pt.

Overfull \vbox (0.43372pt too high) detected at line 119
 []

[8

 <c:/work/lv/lv-folien/lv-adbkt/folien-adbkt-js/fig/promises3.png> <c:/work/lv/lv-folien/lv-adbkt/folien-adbkt-js/fig/promises4.png> <c:/work/lv/lv-folien/lv-adbkt/folien-adbkt-js/fig/promises5.png>]
<fig/promises6.png, id=123, 1318.9275pt x 542.025pt>
File: fig/promises6.png Graphic file (type png)
<use fig/promises6.png>
Package pdftex.def Info: fig/promises6.png  used on input line 140.
(pdftex.def)             Requested size: 316.54907pt x 130.08865pt.
<fig/promises7.png, id=124, 736.7525pt x 262.9825pt>
File: fig/promises7.png Graphic file (type png)
<use fig/promises7.png>
Package pdftex.def Info: fig/promises7.png  used on input line 140.
(pdftex.def)             Requested size: 154.72258pt x 55.22795pt.
 [9

 <c:/work/lv/lv-folien/lv-adbkt/folien-adbkt-js/fig/promises6.png> <c:/work/lv/lv-folien/lv-adbkt/folien-adbkt-js/fig/promises7.png>]
<fig/promises8.png, id=133, 1318.9275pt x 576.1525pt>
File: fig/promises8.png Graphic file (type png)
<use fig/promises8.png>
Package pdftex.def Info: fig/promises8.png  used on input line 157.
(pdftex.def)             Requested size: 316.54907pt x 138.27942pt.
<fig/promises9.png, id=134, 736.7525pt x 262.9825pt>
File: fig/promises9.png Graphic file (type png)
<use fig/promises9.png>
Package pdftex.def Info: fig/promises9.png  used on input line 157.
(pdftex.def)             Requested size: 154.72258pt x 55.22795pt.
 [10

 <c:/work/lv/lv-folien/lv-adbkt/folien-adbkt-js/fig/promises8.png> <c:/work/lv/lv-folien/lv-adbkt/folien-adbkt-js/fig/promises9.png>]
<fig/promify1.png, id=143, 564.1075pt x 228.855pt>
File: fig/promify1.png Graphic file (type png)
<use fig/promify1.png>
Package pdftex.def Info: fig/promify1.png  used on input line 171.
(pdftex.def)             Requested size: 118.46606pt x 48.06096pt.

Overfull \hbox (15.73444pt too wide) in paragraph at lines 171--171
[][]  
 []

<fig/promify2.png, id=144, 941.5175pt x 403.5075pt>
File: fig/promify2.png Graphic file (type png)
<use fig/promify2.png>
Package pdftex.def Info: fig/promify2.png  used on input line 171.
(pdftex.def)             Requested size: 197.7245pt x 84.73907pt.

Overfull \hbox (26.50685pt too wide) in paragraph at lines 171--171
[][]  
 []

<fig/promify3.png, id=145, 752.8125pt x 367.3725pt>
File: fig/promify3.png Graphic file (type png)
<use fig/promify3.png>
Package pdftex.def Info: fig/promify3.png  used on input line 171.
(pdftex.def)             Requested size: 180.67868pt x 88.17119pt.
[11

 <c:/work/lv/lv-folien/lv-adbkt/folien-adbkt-js/fig/promify1.png> <c:/work/lv/lv-folien/lv-adbkt/folien-adbkt-js/fig/promify2.png> <c:/work/lv/lv-folien/lv-adbkt/folien-adbkt-js/fig/promify3.png>]
<fig/key-value-tabelle.png, id=155, 658.46pt x 228.855pt>
File: fig/key-value-tabelle.png Graphic file (type png)
<use fig/key-value-tabelle.png>
Package pdftex.def Info: fig/key-value-tabelle.png  used on input line 181.
(pdftex.def)             Requested size: 197.53952pt x 68.65701pt.
<fig/key-value-daten.png, id=156, 313.17pt x 333.245pt>
File: fig/key-value-daten.png Graphic file (type png)
<use fig/key-value-daten.png>
Package pdftex.def Info: fig/key-value-daten.png  used on input line 181.
(pdftex.def)             Requested size: 93.95172pt x 99.97426pt.
 [12

 <c:/work/lv/lv-folien/lv-adbkt/folien-adbkt-js/fig/key-value-tabelle.png> <c:/work/lv/lv-folien/lv-adbkt/folien-adbkt-js/fig/key-value-daten.png>]
<fig/hdb-cb.png, id=164, 1162.3425pt x 784.9325pt>
File: fig/hdb-cb.png Graphic file (type png)
<use fig/hdb-cb.png>
Package pdftex.def Info: fig/hdb-cb.png  used on input line 186.
(pdftex.def)             Requested size: 278.9679pt x 188.38763pt.
<fig/hdb-cb-result.png, id=165, 564.1075pt x 262.9825pt>
File: fig/hdb-cb-result.png Graphic file (type png)
<use fig/hdb-cb-result.png>
Package pdftex.def Info: fig/hdb-cb-result.png  used on input line 186.
(pdftex.def)             Requested size: 118.46606pt x 55.22795pt.
 [13

 <c:/work/lv/lv-folien/lv-adbkt/folien-adbkt-js/fig/hdb-cb.png> <c:/work/lv/lv-folien/lv-adbkt/folien-adbkt-js/fig/hdb-cb-result.png>]
<fig/hdb-promise.png, id=175, 1130.2225pt x 610.28pt>
File: fig/hdb-promise.png Graphic file (type png)
<use fig/hdb-promise.png>
Package pdftex.def Info: fig/hdb-promise.png  used on input line 192.
(pdftex.def)             Requested size: 271.25894pt x 146.47018pt.
 [14

 <c:/work/lv/lv-folien/lv-adbkt/folien-adbkt-js/fig/hdb-promise.png>]
<fig/hdb-class1.png, id=183, 1429.34pt x 853.1875pt>
File: fig/hdb-class1.png Graphic file (type png)
<use fig/hdb-class1.png>
Package pdftex.def Info: fig/hdb-class1.png  used on input line 198.
(pdftex.def)             Requested size: 314.45576pt x 187.70183pt.
 [15

 <c:/work/lv/lv-folien/lv-adbkt/folien-adbkt-js/fig/hdb-class1.png>]
<fig/hdb-class2.png, id=191, 1334.9875pt x 784.9325pt>
File: fig/hdb-class2.png Graphic file (type png)
<use fig/hdb-class2.png>
Package pdftex.def Info: fig/hdb-class2.png  used on input line 204.
(pdftex.def)             Requested size: 293.69817pt x 172.68567pt.
 [16

 <c:/work/lv/lv-folien/lv-adbkt/folien-adbkt-js/fig/hdb-class2.png>]
<fig/db-op.png, id=199, 1240.635pt x 542.025pt>
File: fig/db-op.png Graphic file (type png)
<use fig/db-op.png>
Package pdftex.def Info: fig/db-op.png  used on input line 210.
(pdftex.def)             Requested size: 297.75848pt x 130.08865pt.
 [17

 <c:/work/lv/lv-folien/lv-adbkt/folien-adbkt-js/fig/db-op.png>]
<fig/db-op-select.png, id=208, 1019.81pt x 367.3725pt>
File: fig/db-op-select.png Graphic file (type png)
<use fig/db-op-select.png>
Package pdftex.def Info: fig/db-op-select.png  used on input line 216.
(pdftex.def)             Requested size: 244.7594pt x 88.17119pt.
 [18

 <c:/work/lv/lv-folien/lv-adbkt/folien-adbkt-js/fig/db-op-select.png>]
<fig/ta1.png, id=216, 522.45187pt x 296.60812pt>
File: fig/ta1.png Graphic file (type png)
<use fig/ta1.png>
Package pdftex.def Info: fig/ta1.png  used on input line 223.
(pdftex.def)             Requested size: 235.10117pt x 133.47241pt.
<fig/ta2.png, id=217, 220.57407pt x 195.73125pt>
File: fig/ta2.png Graphic file (type png)
<use fig/ta2.png>
Package pdftex.def Info: fig/ta2.png  used on input line 223.
(pdftex.def)             Requested size: 99.2574pt x 88.07823pt.
 [19

 <c:/work/lv/lv-folien/lv-adbkt/folien-adbkt-js/fig/ta1.png> <c:/work/lv/lv-folien/lv-adbkt/folien-adbkt-js/fig/ta2.png>]
<fig/express.png, id=227, 415.5525pt x 316.93407pt>
File: fig/express.png Graphic file (type png)
<use fig/express.png>
Package pdftex.def Info: fig/express.png  used on input line 232.
(pdftex.def)             Requested size: 207.77574pt x 158.46664pt.
 [20

 <c:/work/lv/lv-folien/lv-adbkt/folien-adbkt-js/fig/express.png>]
<fig/express-call.png, id=234, 718.93594pt x 274.77657pt>
File: fig/express-call.png Graphic file (type png)
<use fig/express-call.png>
Package pdftex.def Info: fig/express-call.png  used on input line 238.
(pdftex.def)             Requested size: 323.51819pt x 123.6483pt.
 [21

 <c:/work/lv/lv-folien/lv-adbkt/folien-adbkt-js/fig/express-call.png>]
LaTeX Font Info:    Try loading font information for T1+cmtt on input line 248.
 (c:/work/app/texlive/2019/texmf-dist/tex/latex/base/t1cmtt.fd
File: t1cmtt.fd 2014/09/29 v2.5h Standard LaTeX font definitions
) [22

]
\tf@nav=\write6
\openout6 = `folien-adbkt-js.nav'.

\tf@toc=\write7
\openout7 = `folien-adbkt-js.toc'.

\tf@snm=\write8
\openout8 = `folien-adbkt-js.snm'.

Package atveryend Info: Empty hook `BeforeClearDocument' on input line 251.
Package atveryend Info: Empty hook `AfterLastShipout' on input line 251.
 (c:/work/lv/lv-folien/lv-adbkt/folien-adbkt-js/folien-adbkt-js.aux)
Package atveryend Info: Executing hook `AtVeryEndDocument' on input line 251.
Package atveryend Info: Executing hook `AtEndAfterFileList' on input line 251.
Package rerunfilecheck Info: File `folien-adbkt-js.out' has not changed.
(rerunfilecheck)             Checksum: 59D918BAA6CB87B45C8CC589B98E75DD;256.
 ) 
Here is how much of TeX's memory you used:
 19111 strings out of 493882
 354680 string characters out of 6156246
 427662 words of memory out of 5000000
 22335 multiletter control sequences out of 15000+600000
 15223 words of font info for 42 fonts, out of 8000000 for 9000
 372 hyphenation exceptions out of 8191
 48i,15n,51p,828b,592s stack positions out of 5000i,500n,10000p,200000b,80000s
{c:/work/app/texlive/2019/texmf-dist/fonts/enc/dvips/cm-super/cm-super-t1.enc}<c:/work/app/texlive/2019/texmf-dist/fonts/type1/public/amsfonts/symbols/msam10.pfb><c:/work/app/texlive/2019/texmf-dist/fonts/type1/public/cm-super/sfss0600.pfb><c:/work/app/texlive/2019/texmf-dist/fonts/type1/public/cm-super/sfss0800.pfb><c:/work/app/texlive/2019/texmf-dist/fonts/type1/public/cm-super/sfss1095.pfb><c:/work/app/texlive/2019/texmf-dist/fonts/type1/public/cm-super/sfss1440.pfb><c:/work/app/texlive/2019/texmf-dist/fonts/type1/public/cm-super/sftt1095.pfb>
Output written on c:/work/lv/lv-folien/lv-adbkt/folien-adbkt-js/folien-adbkt-js.pdf (22 pages, 1274956 bytes).
PDF statistics:
 289 PDF objects out of 1000 (max. 8388607)
 184 compressed objects within 2 object streams
 50 named destinations out of 1000 (max. 500000)
 253 words of extra memory for PDF output out of 10000 (max. 10000000)

